<?xml version="1.0" encoding="UTF-8"?>
<!-- Generated by org.testng.reporters.JUnitXMLReporter -->
<testsuite ignored="0" hostname="LAPTOP-I555GNUT" failures="0" tests="7" name="Default test" time="0.102" errors="0" timestamp="2021-10-30T23:13:02 IST">
  <testcase classname="TestPackages.HomePageVerification" name="@BeforeTest beforetest" time="-1.635615782783E9">
    <failure type="org.testng.TestNGException" message="
Parameter &amp;apos;browser&amp;apos; is required by BeforeTest on method beforetest but has not been marked @Optional or defined
in C:\Users\ajay3\AppData\Local\Temp\testng-eclipse--1546774003\testng-customsuite.xml">
      <![CDATA[org.testng.TestNGException: 
Parameter 'browser' is required by BeforeTest on method beforetest but has not been marked @Optional or defined
in C:\Users\ajay3\AppData\Local\Temp\testng-eclipse--1546774003\testng-customsuite.xml
at org.testng.internal.Parameters.createParams(Parameters.java:270)
at org.testng.internal.Parameters.createParametersForMethod(Parameters.java:358)
at org.testng.internal.Parameters.createParameters(Parameters.java:700)
at org.testng.internal.Parameters.createConfigurationParameters(Parameters.java:168)
at org.testng.internal.ConfigInvoker.invokeConfigurations(ConfigInvoker.java:302)
at org.testng.TestRunner.invokeTestConfigurations(TestRunner.java:637)
at org.testng.TestRunner.beforeRun(TestRunner.java:627)
at org.testng.TestRunner.run(TestRunner.java:589)
at org.testng.SuiteRunner.runTest(SuiteRunner.java:377)
at org.testng.SuiteRunner.runSequentially(SuiteRunner.java:371)
at org.testng.SuiteRunner.privateRun(SuiteRunner.java:332)
at org.testng.SuiteRunner.run(SuiteRunner.java:276)
at org.testng.SuiteRunnerWorker.runSuite(SuiteRunnerWorker.java:53)
at org.testng.SuiteRunnerWorker.run(SuiteRunnerWorker.java:96)
at org.testng.TestNG.runSuitesSequentially(TestNG.java:1212)
at org.testng.TestNG.runSuitesLocally(TestNG.java:1134)
at org.testng.TestNG.runSuites(TestNG.java:1063)
at org.testng.TestNG.run(TestNG.java:1031)
at org.testng.remote.AbstractRemoteTestNG.run(AbstractRemoteTestNG.java:115)
at org.testng.remote.RemoteTestNG.initAndRun(RemoteTestNG.java:251)
at org.testng.remote.RemoteTestNG.main(RemoteTestNG.java:77)
]]>
    </failure>
  </testcase> <!-- @BeforeTest beforetest -->
  <testcase classname="TestPackages.HomePageVerification" name="@BeforeClass beforeclass" time="-1.635615782817E9">
    <skipped/>
  </testcase> <!-- @BeforeClass beforeclass -->
  <testcase classname="TestPackages.HomePageVerification" name="@BeforeMethod beforemethod" time="-1.635615782831E9">
    <skipped/>
  </testcase> <!-- @BeforeMethod beforemethod -->
  <testcase classname="TestPackages.HomePageVerification" name="@AfterMethod aftermethod" time="-1.635615782839E9">
    <skipped/>
  </testcase> <!-- @AfterMethod aftermethod -->
  <testcase classname="TestPackages.HomePageVerification" name="@BeforeMethod beforemethod" time="-1.635615782841E9">
    <skipped/>
  </testcase> <!-- @BeforeMethod beforemethod -->
  <testcase classname="TestPackages.HomePageVerification" name="@AfterMethod aftermethod" time="-1.635615782846E9">
    <skipped/>
  </testcase> <!-- @AfterMethod aftermethod -->
  <testcase classname="TestPackages.HomePageVerification" name="@BeforeMethod beforemethod" time="-1.635615782848E9">
    <skipped/>
  </testcase> <!-- @BeforeMethod beforemethod -->
  <testcase classname="TestPackages.HomePageVerification" name="@AfterMethod aftermethod" time="-1.635615782852E9">
    <skipped/>
  </testcase> <!-- @AfterMethod aftermethod -->
  <testcase classname="TestPackages.HomePageVerification" name="@BeforeMethod beforemethod" time="-1.635615782853E9">
    <skipped/>
  </testcase> <!-- @BeforeMethod beforemethod -->
  <testcase classname="TestPackages.HomePageVerification" name="@AfterMethod aftermethod" time="-1.635615782858E9">
    <skipped/>
  </testcase> <!-- @AfterMethod aftermethod -->
  <testcase classname="TestPackages.HomePageVerification" name="@BeforeMethod beforemethod" time="-1.63561578286E9">
    <skipped/>
  </testcase> <!-- @BeforeMethod beforemethod -->
  <testcase classname="TestPackages.HomePageVerification" name="@AfterMethod aftermethod" time="-1.635615782863E9">
    <skipped/>
  </testcase> <!-- @AfterMethod aftermethod -->
  <testcase classname="TestPackages.HomePageVerification" name="@BeforeMethod beforemethod" time="-1.635615782865E9">
    <skipped/>
  </testcase> <!-- @BeforeMethod beforemethod -->
  <testcase classname="TestPackages.HomePageVerification" name="@AfterMethod aftermethod" time="-1.635615782868E9">
    <skipped/>
  </testcase> <!-- @AfterMethod aftermethod -->
  <testcase classname="TestPackages.HomePageVerification" name="@BeforeMethod beforemethod" time="-1.635615782869E9">
    <skipped/>
  </testcase> <!-- @BeforeMethod beforemethod -->
  <testcase classname="TestPackages.HomePageVerification" name="@AfterMethod aftermethod" time="-1.635615782875E9">
    <skipped/>
  </testcase> <!-- @AfterMethod aftermethod -->
  <testcase classname="TestPackages.HomePageVerification" name="@AfterClass afterclass" time="-1.635615782877E9">
    <skipped/>
  </testcase> <!-- @AfterClass afterclass -->
  <testcase classname="TestPackages.HomePageVerification" name="testcase1" time="0.0">
    <skipped/>
  </testcase> <!-- testcase1 -->
  <testcase classname="TestPackages.HomePageVerification" name="testcase2" time="0.0">
    <skipped/>
  </testcase> <!-- testcase2 -->
  <testcase classname="TestPackages.HomePageVerification" name="testcase3" time="0.0">
    <skipped/>
  </testcase> <!-- testcase3 -->
  <testcase classname="TestPackages.HomePageVerification" name="testcase4" time="0.0">
    <skipped/>
  </testcase> <!-- testcase4 -->
  <testcase classname="TestPackages.HomePageVerification" name="testcase5" time="0.0">
    <skipped/>
  </testcase> <!-- testcase5 -->
  <testcase classname="TestPackages.HomePageVerification" name="testcase6" time="0.0">
    <skipped/>
  </testcase> <!-- testcase6 -->
  <testcase classname="TestPackages.HomePageVerification" name="testcase7" time="0.0">
    <skipped/>
  </testcase> <!-- testcase7 -->
</testsuite> <!-- Default test -->
